# UC Berkeley, Espresso Version #2.1, Release date 2/28/85
# 4-bit by 4-bit binary multiplier
# READ       	Time was 0.2 sec, cost is c=225(225) in=1800 out=678 tot=2478
# COMPL      	Time was 4.9 sec, cost is c=245(71) in=1283 out=508 tot=1791
# PLA is mlp4.pla with 8 inputs and 8 outputs
# ON-set cost is  c=225(225) in=1800 out=678 tot=2478
# OFF-set cost is c=245(71) in=1283 out=508 tot=1791
# DC-set cost is  c=0(0) in=0 out=0 tot=0
# SETUP      	Time was 0.8 sec, cost is c=678(678) in=5424 out=678 tot=6102
# EXPAND     	Time was 17.8 sec, cost is c=135(0) in=853 out=313 tot=1166
# IRRED      	Time was 0.8 sec, cost is c=132(0) in=840 out=310 tot=1150
# ESSEN      	Time was 3.0 sec, cost is c=12(0) in=80 out=35 tot=115
# REDUCE     	Time was 1.3 sec, cost is c=120(74) in=788 out=167 tot=955
# EXPAND     	Time was 4.5 sec, cost is c=119(0) in=767 out=291 tot=1058
# IRRED      	Time was 0.5 sec, cost is c=119(0) in=767 out=291 tot=1058
# REDUCE     	Time was 1.4 sec, cost is c=119(72) in=785 out=175 tot=960
# EXPAND     	Time was 4.2 sec, cost is c=119(0) in=768 out=292 tot=1060
# IRRED      	Time was 0.5 sec, cost is c=119(0) in=768 out=292 tot=1060
# REDUCE_GASP	Time was 1.3 sec, cost is c=80(80) in=574 out=103 tot=677
# EXPAND_GASP	Time was 3.1 sec, cost is c=3(0) in=20 out=7 tot=27
# IRRED_GASP 	Time was 0.8 sec, cost is c=117(0) in=754 out=287 tot=1041
# REDUCE     	Time was 1.3 sec, cost is c=117(73) in=764 out=162 tot=926
# EXPAND     	Time was 4.4 sec, cost is c=117(0) in=754 out=287 tot=1041
# REDUCE_GASP	Time was 1.3 sec, cost is c=79(79) in=562 out=104 tot=666
# EXPAND_GASP	Time was 3.0 sec, cost is c=2(0) in=13 out=4 tot=17
# IRRED_GASP 	Time was 0.7 sec, cost is c=115(0) in=740 out=279 tot=1019
# REDUCE     	Time was 1.3 sec, cost is c=115(66) in=753 out=170 tot=923
# EXPAND     	Time was 3.9 sec, cost is c=115(0) in=740 out=279 tot=1019
# REDUCE_GASP	Time was 1.3 sec, cost is c=73(73) in=517 out=96 tot=613
# EXPAND_GASP	Time was 2.7 sec, cost is c=0(0) in=0 out=0 tot=0
# IRRED_GASP 	Time was 0.0 sec, cost is c=115(0) in=740 out=279 tot=1019
# ADJUST     	Cost is c=127(0) in=820 out=314 tot=1134
# MV_REDUCE  	Time was 0.7 sec, cost is c=127(79) in=820 out=176 tot=996
# RAISE_IN   	Time was 3.5 sec, cost is c=127(0) in=752 out=176 tot=928
# MV_REDUCE  	Time was 0.4 sec, cost is c=127(9) in=752 out=167 tot=919
# RAISE_IN   	Time was 0.5 sec, cost is c=127(0) in=744 out=167 tot=911
# MV_REDUCE  	Time was 0.4 sec, cost is c=127(1) in=744 out=166 tot=910
# RAISE_IN   	Time was 0.2 sec, cost is c=127(0) in=743 out=166 tot=909
# MV_REDUCE  	Time was 0.4 sec, cost is c=127(1) in=743 out=165 tot=908
# RAISE_IN   	Time was 0.1 sec, cost is c=127(0) in=742 out=165 tot=907
# MV_REDUCE  	Time was 0.4 sec, cost is c=127(0) in=742 out=165 tot=907
# VERIFY     	Time was 3.1 sec, cost is c=127(0) in=742 out=165 tot=907
# READ       	 1 call(s) for 0.2 sec (0.3%)
# COMPL      	 1 call(s) for 4.9 sec (6.6%)
# ESSEN      	 1 call(s) for 3.0 sec (4.0%)
# EXPAND     	 5 call(s) for 34.7 sec (47.0%)
# IRRED      	 3 call(s) for 1.9 sec (2.6%)
# REDUCE     	 4 call(s) for 5.2 sec (7.1%)
# EXPAND_GASP	 3 call(s) for 8.8 sec (11.9%)
# IRRED_GASP 	 3 call(s) for 1.5 sec (2.0%)
# REDUCE_GASP	 3 call(s) for 3.8 sec (5.2%)
# MV_REDUCE  	 5 call(s) for 2.3 sec (3.1%)
# RAISE_IN   	 4 call(s) for 4.4 sec (5.9%)
# VERIFY     	 1 call(s) for 3.1 sec (4.3%)
# 9K bytes active out of 15K bytes allocated
# ESPRESSO	Time was 75.9 sec, cost is c=127(0) in=742 out=165 tot=907
.i 8
.o 8
.p 127
00110011 00001000
01010101 00011000
10111101 00001000
11011011 00001000
11001110 10001000
10101100 01110000
11001010 01110000
11101100 10101000
10111011 00011000
10011101 01110000
0011011- 00010000
011-0011 00010000
011010-0 00110000
101110-1 00100000
1-000101 00101000
110-0011 00100100
10-11011 00100000
011101-1 00100000
11001-11 10000100
010-1100 00110000
01110-11 00010000
01-10111 00100000
1-011001 01010000
11011-01 00100000
110-1100 10010000
0110110- 01001000
0101101- 00110000
101-0101 00110000
110-1101 10001000
001-10-0 00010000
001-010- 00001000
0111110- 01010000
010-001- 00001000
10-001-0 00100000
01-0010- 00010000
10-0001- 00010000
010-01-0 00010000
0110111- 01010000
11-01001 01101000
11111-00 00110000
100011-1 01101000
111010-1 00011000
11101-01 00110000
100-0-1- 00010000
1-100-10 00010000
0100--11 00001100
001111-- 00100000
101-101- 00100000
--111000 00011000
11--1000 01100000
011-011- 00100000
111-001- 00001000
01-111-1 01000000
100-11-0 01100000
01111-1- 01000000
1-0-0111 00010000
011-1-11 01000000
11-101-1 01000000
01-1111- 01000000
1-0-1110 00100000
1-00111- 00100000
-0111-11 00100000
1-11011- 01000000
01111--1 00001000
111-01-1 01000000
1-11-011 00100000
1-1-0111 01000000
01001-1- 00101000
0111-11- 00100000
0--11111 00001000
11111--1 10000000
010011-- 00110000
1--11111 10000000
1111--10 00010000
1--10111 00001000
111101-- 00001000
111-0-11 00100000
1111-1-1 01000000
1--11110 00010000
11-1-111 01000000
1--01111 00010000
0--1100- 00001000
--011-00 00001000
-010-1-0 00001000
00011--- 00001000
10-0-0-1 00001000
-1-0-010 00001000
--111111 00100000
--10100- 00010000
--1-0100 00001000
01--100- 00100000
0-1-100- 00010000
00101--- 00010000
1---0001 00001000
100-0--1 00001000
-10-0-10 00001000
-1--0100 00010000
100---10 00010000
1000--1- 00010000
100-01-- 00100000
1---0100 00100000
1---0010 00010000
-0-11-10 00001000
0-10-1-1 00001000
-1-10-10 00001000
-100-1-1 00010100
11--011- 01000000
1-1111-- 10000000
11-11-1- 10000000
1-1-11-1 10000000
111-1-1- 10000000
1-1-111- 10000000
---1-100 00000100
--01-1-0 00000100
-1-0--01 00000100
-010--1- 00000100
--1--010 00000100
--10--10 00000100
111--11- 01000000
-1-1-0-1 00000100
-0-1-1-1 00000100
10--10-- 01000000
--1---01 00000010
---1--10 00000010
--10---1 00000010
--01--1- 00000010
---1---1 00000001
.e
